<?xml version="1.0" encoding="UTF-8"?>
<robot generator="Robot 5.0.1 (Python 3.10.6 on win32)" generated="20221020 16:42:40.512" rpa="false" schemaversion="3">
<suite id="s1" name="Serialtest" source="c:\project1\First_Repo\serialtest.robot">
<test id="s1-t1" name="Test case for connection" line="6">
<kw name="Connection" library="modbus">
<var>${connection}</var>
<msg timestamp="20221020 16:42:40.995" level="INFO">${connection} = 1</msg>
<status status="PASS" starttime="20221020 16:42:40.991" endtime="20221020 16:42:41.004"/>
</kw>
<kw name="Log" library="BuiltIn">
<arg>${connection}</arg>
<doc>Logs the given message with the given level.</doc>
<msg timestamp="20221020 16:42:41.011" level="INFO">1</msg>
<status status="PASS" starttime="20221020 16:42:41.008" endtime="20221020 16:42:41.013"/>
</kw>
<kw name="Should Be Equal" library="BuiltIn">
<arg>${connection}</arg>
<arg>${1}</arg>
<doc>Fails if the given objects are unequal.</doc>
<status status="PASS" starttime="20221020 16:42:41.015" endtime="20221020 16:42:41.019"/>
</kw>
<status status="PASS" starttime="20221020 16:42:40.986" endtime="20221020 16:42:41.020"/>
</test>
<test id="s1-t2" name="Test Cases for POUT" line="20">
<kw name="Create List" library="BuiltIn">
<var>@{pout}</var>
<arg>${17142}</arg>
<arg>${58982}</arg>
<doc>Returns a list containing given items.</doc>
<msg timestamp="20221020 16:42:41.037" level="INFO">@{pout} = [ 17142 | 58982 ]</msg>
<status status="PASS" starttime="20221020 16:42:41.031" endtime="20221020 16:42:41.038"/>
</kw>
<kw name="Log List" library="Collections">
<arg>${pout}</arg>
<doc>Logs the length and contents of the ``list`` using given ``level``.</doc>
<msg timestamp="20221020 16:42:41.044" level="INFO">List length is 2 and it contains following items:
0: 17142
1: 58982</msg>
<status status="PASS" starttime="20221020 16:42:41.041" endtime="20221020 16:42:41.045"/>
</kw>
<kw name="Func 04" library="modbus">
<var>@{fun}</var>
<arg>${30002}</arg>
<arg>${2}</arg>
<msg timestamp="20221020 16:42:41.102" level="INFO">[17142, 58982]</msg>
<msg timestamp="20221020 16:42:41.103" level="INFO">@{fun} = [ 17142 | 58982 ]</msg>
<status status="PASS" starttime="20221020 16:42:41.048" endtime="20221020 16:42:41.104"/>
</kw>
<kw name="Log List" library="Collections">
<arg>${fun}</arg>
<doc>Logs the length and contents of the ``list`` using given ``level``.</doc>
<msg timestamp="20221020 16:42:41.110" level="INFO">List length is 2 and it contains following items:
0: 17142
1: 58982</msg>
<status status="PASS" starttime="20221020 16:42:41.107" endtime="20221020 16:42:41.111"/>
</kw>
<kw name="Lists Should Be Equal" library="Collections">
<arg>${fun}</arg>
<arg>${pout}</arg>
<doc>Fails if given lists are unequal.</doc>
<status status="PASS" starttime="20221020 16:42:41.113" endtime="20221020 16:42:41.117"/>
</kw>
<status status="PASS" starttime="20221020 16:42:41.026" endtime="20221020 16:42:41.119"/>
</test>
<status status="PASS" starttime="20221020 16:42:40.545" endtime="20221020 16:42:41.124"/>
</suite>
<statistics>
<total>
<stat pass="2" fail="0" skip="0">All Tests</stat>
</total>
<tag>
</tag>
<suite>
<stat pass="2" fail="0" skip="0" id="s1" name="Serialtest">Serialtest</stat>
</suite>
</statistics>
<errors>
</errors>
</robot>
