<?xml version="1.0" encoding="UTF-8"?>
<robot generator="Robot 5.0.1 (Python 3.10.6 on win32)" generated="20221020 15:15:01.040" rpa="false" schemaversion="3">
<suite id="s1" name="Serialtest" source="c:\project1\First_Repo\serialtest.robot">
<test id="s1-t1" name="Test case for connection" line="6">
<kw name="Connection" library="modbus">
<var>${connection}</var>
<msg timestamp="20221020 15:15:01.371" level="INFO">${connection} = 1</msg>
<status status="PASS" starttime="20221020 15:15:01.322" endtime="20221020 15:15:01.375"/>
</kw>
<kw name="Log" library="BuiltIn">
<arg>${connection}</arg>
<doc>Logs the given message with the given level.</doc>
<msg timestamp="20221020 15:15:01.378" level="INFO">1</msg>
<status status="PASS" starttime="20221020 15:15:01.377" endtime="20221020 15:15:01.379"/>
</kw>
<kw name="Should Be Equal" library="BuiltIn">
<arg>${connection}</arg>
<arg>${1}</arg>
<doc>Fails if the given objects are unequal.</doc>
<status status="PASS" starttime="20221020 15:15:01.380" endtime="20221020 15:15:01.386"/>
</kw>
<status status="PASS" starttime="20221020 15:15:01.319" endtime="20221020 15:15:01.388"/>
</test>
<test id="s1-t2" name="Test Cases for POUT" line="20">
<kw name="Create List" library="BuiltIn">
<var>@{pout}</var>
<arg>${17142}</arg>
<arg>${58982}</arg>
<doc>Returns a list containing given items.</doc>
<msg timestamp="20221020 15:15:01.400" level="INFO">@{pout} = [ 17142 | 58982 ]</msg>
<status status="PASS" starttime="20221020 15:15:01.395" endtime="20221020 15:15:01.401"/>
</kw>
<kw name="Log List" library="Collections">
<arg>${pout}</arg>
<doc>Logs the length and contents of the ``list`` using given ``level``.</doc>
<msg timestamp="20221020 15:15:01.405" level="INFO">List length is 2 and it contains following items:
0: 17142
1: 58982</msg>
<status status="PASS" starttime="20221020 15:15:01.403" endtime="20221020 15:15:01.405"/>
</kw>
<kw name="Func 04" library="modbus">
<var>@{fun}</var>
<arg>${30002}</arg>
<arg>${2}</arg>
<msg timestamp="20221020 15:15:01.457" level="INFO">[4660]</msg>
<msg timestamp="20221020 15:15:01.458" level="INFO">@{fun} = [ 4660 ]</msg>
<status status="PASS" starttime="20221020 15:15:01.407" endtime="20221020 15:15:01.458"/>
</kw>
<kw name="Log List" library="Collections">
<arg>${fun}</arg>
<doc>Logs the length and contents of the ``list`` using given ``level``.</doc>
<msg timestamp="20221020 15:15:01.462" level="INFO">List has one item:
4660</msg>
<status status="PASS" starttime="20221020 15:15:01.461" endtime="20221020 15:15:01.463"/>
</kw>
<status status="PASS" starttime="20221020 15:15:01.392" endtime="20221020 15:15:01.465"/>
</test>
<status status="PASS" starttime="20221020 15:15:01.069" endtime="20221020 15:15:01.475"/>
</suite>
<statistics>
<total>
<stat pass="2" fail="0" skip="0">All Tests</stat>
</total>
<tag>
</tag>
<suite>
<stat pass="2" fail="0" skip="0" id="s1" name="Serialtest">Serialtest</stat>
</suite>
</statistics>
<errors>
</errors>
</robot>
