<?xml version="1.0" encoding="UTF-8"?>
<robot generator="Robot 5.0.1 (Python 3.10.6 on win32)" generated="20220921 10:48:50.097" rpa="false" schemaversion="3">
<suite id="s1" name="First Repo" source="C:\project1\First_Repo">
<suite id="s1-s1" name="Serialtest" source="C:\project1\First_Repo\serialtest.robot">
<test id="s1-s1-t1" name="seriestesting" line="21">
<kw name="yay">
<var>${n}</var>
<arg>a</arg>
<kw name="Test" library="serialtest">
<var>${output}</var>
<arg>a</arg>
<msg timestamp="20220921 10:48:50.315" level="FAIL">SerialException: could not open port 'COM3': FileNotFoundError(2, 'The system cannot find the file specified.', None, 2)</msg>
<status status="FAIL" starttime="20220921 10:48:50.312" endtime="20220921 10:48:50.328"/>
</kw>
<status status="FAIL" starttime="20220921 10:48:50.310" endtime="20220921 10:48:50.330"/>
</kw>
<kw name="Encode String To Bytes" library="String">
<var>${by}</var>
<arg>hello world</arg>
<arg>UTF-8</arg>
<doc>Encodes the given Unicode ``string`` to bytes using the given ``encoding``.</doc>
<status status="NOT RUN" starttime="20220921 10:48:50.331" endtime="20220921 10:48:50.331"/>
</kw>
<kw name="Should Be Equal" library="BuiltIn">
<arg>${n}</arg>
<arg>${by}</arg>
<doc>Fails if the given objects are unequal.</doc>
<status status="NOT RUN" starttime="20220921 10:48:50.333" endtime="20220921 10:48:50.334"/>
</kw>
<kw name="Log To Console" library="BuiltIn">
<arg>${n}</arg>
<doc>Logs the given message to the console.</doc>
<status status="NOT RUN" starttime="20220921 10:48:50.335" endtime="20220921 10:48:50.336"/>
</kw>
<kw name="Log To Console" library="BuiltIn">
<arg>${by}</arg>
<doc>Logs the given message to the console.</doc>
<status status="NOT RUN" starttime="20220921 10:48:50.338" endtime="20220921 10:48:50.340"/>
</kw>
<status status="FAIL" starttime="20220921 10:48:50.303" endtime="20220921 10:48:50.342">SerialException: could not open port 'COM3': FileNotFoundError(2, 'The system cannot find the file specified.', None, 2)</status>
</test>
<doc>serial testt</doc>
<status status="FAIL" starttime="20220921 10:48:50.228" endtime="20220921 10:48:50.347"/>
</suite>
<status status="FAIL" starttime="20220921 10:48:50.155" endtime="20220921 10:48:50.354"/>
</suite>
<statistics>
<total>
<stat pass="0" fail="1" skip="0">All Tests</stat>
</total>
<tag>
</tag>
<suite>
<stat pass="0" fail="1" skip="0" id="s1" name="First Repo">First Repo</stat>
<stat pass="0" fail="1" skip="0" id="s1-s1" name="Serialtest">First Repo.Serialtest</stat>
</suite>
</statistics>
<errors>
</errors>
</robot>
